pb
rb
ra
ra
ra
ra
ra
ra
ra
ra
ra
pb
rb
ra
ra
pb
ra
ra
ra
ra
ra
ra
ra
ra
ra
pb
pb
rb
pb
ra
ra
ra
ra
pb
rb
pb
pb
ra
pb
ra
ra
pb
rb
pb
rb
ra
pb
pb
rb
pb
rb
pb
rb
pb
pb
rb
pb
ra
pb
pb
rb
pb
rb
pb
rb
pb
pb
pb
rb
pb
rb
pb
rb
pb
pb
pb
pb
pb
pb
rb
pb
rb
pb
pb
rb
pb
rb
pb
pb
rb
pb
rb
pb
rb
pb
rb
pb
rb
pb
rb
pb
rb
pb
pb
pb
pb
pb
rb
pb
rb
pb
rb
pb
pb
rb
pb
rb
pb
pb
pb
pb
pb
pb
pb
rb
pb
rb
pb
pb
---------- aywaaa bdina -----------
-770
 930
 -668
 542
 -529
 -907
 947
 -952
 -524
 -631
 -111
 -465
 -187
 412
 -442
 30
 -19
 23
 -243
 -899
 481
 -746
 -747
 261
 437
 -438
 -37
 334
 -65
 372
 344
 131
 166
 44
 -79
 115
 -259
 -14
 497
 493
 149
 -611
 -21
 -95
 -4
 839
 -748
 143
 453
 167
 277
 -359
 -252
 -558
 511
 529
 541
 -543
 -790
 860
 571
 989
 961
 921
 -736
 683
 
---------- aywaaa salina -----------
---------- aywaaa bdina -----------

---------- aywaaa salina -----------
