[RUN #0 5 100]
-182 163 556 919 -544
-527 -523 -763 290 -952
-428 804 580 -863 404
803 -823 884 -209 793
-374 -722 674 -149 167
-27 504 -211 -384 348
-455 -907 -180 3 -291
179 -474 827 -904 -605
406 -309 -991 -828 921
449 -375 209 791 -270
-650 -736 23 -421 465
212 -185 -444 -682 -520
496 81 -597 -1000 -862
783 -925 -843 -699 -739
-547 -613 208 344 340
220 -602 -388 -895 -327
685 -337 -197 46 -772
242 91 -311 -719 180
-530 -732 -768 814 -508
886 -127 -238 -909 169
-320 488 476 -876 -682
671 70 -273 -926 -554
-36 -37 -108 -558 -75
271 812 -32 316 63
123 -843 -479 908 -423
-938 32 -742 -644 -146
-996 -84 -237 326 821
567 41 -17 -61 702
568 -49 -198 965 -591
491 -525 296 -88 -869
644 -611 931 331 812
-398 -419 469 452 464
214 178 -195 -963 618
943 223 -322 422 974
-854 950 -933 -745 -865
-904 999 -340 -445 -571
402 795 70 370 848
-586 653 651 -791 211
-363 150 16 -558 746
-712 429 -990 -522 799
-255 -747 534 253 780
[RUN #1 3 100]
-822 746 775
887 -870 -364
-515 162 995
854 -41 342
-149 26 987
969 518 -961
304 982 -652
59 665 80
484 -510 -883
-439 276 731
976 265 115
630 931 563
-867 668 -674
-193 942 455
-912 671 -221
834 64 881
-17 -541 -386
52 -628 -653
[RUN #2 3 100]
603 -887 -41
-158 681 521
37 -340 -619
-425 5 87
438 -809 262
879 -488 -352
348 -54 677
-520 902 -34
650 -570 512
376 -753 222
-728 -623 767
-303 -590 1
-894 901 -561
-67 -788 -287
-521 -406 236
-221 993 48
[RUN #3 5 100]
-1000 -968 -906 -574 -825
546 -546 966 -355 826
-576 931 -109 -992 686
60 -244 -59 387 65
913 -64 309 -427 -363
814 -788 -867 279 -273
-555 -695 -423 510 174
-111 -373 -940 -160 -80
747 417 241 553 -867
-883 -583 61 338 782
-661 -170 -493 714 -435
985 -272 682 775 -541
-558 44 932 -691 -902
-288 -487 554 -502 354
-935 -739 -200 452 382
-314 695 172 -524 -362
-73 478 -818 322 -93
[RUN #4 12 100]
886 284 -663 252 -976 -681 764 297 403 -142 -490 -782
-284 538 176 965 -754 -218 409 -640 422 -183 668 -978
-810 -2 816 -719 -456 566 456 196 -395 482 -854 -356
819 137 897 806 270 434 -452 789 470 -693 23 4
655 -22 532 485 871 -460 584 233 23 983 -996 -671
-782 -300 -944 284 -840 -450 -658 350 516 -82 -993 976
447 198 137 -64 -535 928 -19 -390 -848 -162 942 842
205 137 -12 594 -995 -805 -623 -93 -680 -146 -582 836
-559 -348 -959 903 9 -486 385 594 632 979 606 -529
179 219 -871 941 -329 823 -134 209 -477 50 561 -373
-412 -541 680 834 -491 -9 -946 -26 -621 -576 -114 43
166 873 -322 -191 225 -25 -34 333 116 234 962 26
465 -507 723 517 -840 -171 -882 839 -780 -768 615 53
642 -323 561 556 261 -539 859 -941 344 -61 645 -121
-544 123 -944 -2 -855 -586 426 -831 835 -988 803 948
562 728 -981 354 497 -430 -488 -944 -939 558 21 -154
899 -629 165 560 -958 -383 -989 -727 879 264 -614 -814
299 -713 43 652 -756 7 -121 -851 926 -421 105 268
-562 558 712 967 -963 357 838 -49 316 -62 -357 -485
-568 -953 85 901 106 674 -60 23 151 14 338 -476
-940 -736 134 874 651 810 -326 78 417 -706 989 -82
632 -478 309 853 733 30 -398 590 120 258 932 -181
-424 521 457 477 861 -31 779 -441 -928 -695 -397 -863
990 123 -301 -692 -852 -866 512 330 -612 884 -508 -668
-98 -961 -58 20 899 -586 543 -380 -42 -668 275 364
733 997 -100 407 -883 -602 -682 -149 123 182 604 -639
-594 463 -44 -191 -636 460 744 -188 966 -5 410 -324
-252 288 -910 -240 -719 330 447 238 -59 279 -862 890
-789 -295 -387 615 367 537 371 -383 336 -366 -342 963
522 -759 -527 18 663 -204 409 -357 966 627 416 424
-65 -259 -989 240 954 -506 3 570 801 518 565 -707
206 930 -891 954 652 -144 -62 385 -264 649 -637 -991
647 -969 56 419 -905 -980 -466 -166 273 431 305 -995
324 747 -662 -702 -287 -851 -196 665 -157 -37 -949 -319
-726 334 426 319 -85 302 746 -975 -527 -165 750 537
261 -192 -84 462 -427 780 -56 308 -967 -769 457 323
-125 958 786 -725 -781 980 -564 -120 -800 592 -29 -635
-295 -20 -717 -370 854 929 244 -549 -610 314 158 609
73 181 -258 -408 -182 -218 -326 -623 599 -993 -259 -139
-648 153 -822 -948 -980 134 610 -99 -406 14 149 -886
534 561 -31 269 722 -687 -524 -451 -702 794 -154 -430
892 -682 -686 685 -689 523 152 -566 -882 -434 14 -616
-80 -780 222 -653 84 -871 -973 531 851 -659 995 680
-667 -637 377 -611 324 724 -696 312 -232 -662 811 558
[RUN #5 5 100]
-295 -572 652 35 773
289 568 -169 -736 -747
543 -264 -533 -562 -841
-745 -45 -946 296 771
185 -508 733 -667 607
-899 529 -708 -926 -830
-746 276 683 -667 851
842 -820 -888 857 -420
304 443 -521 -199 -84
-291 -753 131 -340 -520
812 -282 -832 550 -34
-857 956 836 -877 448
-772 -222 -824 -402 27
173 314 959 -525 -719
-276 -402 41 889 712
920 742 -877 -279 816
[RUN #6 5 100]
437 734 -799 48 384
710 -139 887 -986 -744
628 484 -791 847 343
532 896 394 337 594
978 910 450 -170 -231
374 926 474 -607 691
708 -345 151 283 -214
-385 385 -103 -671 661
837 -937 -929 -707 -899
-523 -688 -744 -178 611
-917 707 -473 542 -87
702 -51 670 -127 -640
866 65 290 789 356
[RUN #7 6 100]
482 267 -665 -574 612 314
615 527 307 -798 864 623
255 473 -336 732 522 145
-68 656 450 233 968 568
-111 -15 370 543 -239 -289
689 293 582 224 11 -964
-672 297 841 -415 -46 -84
157 -360 210 462 810 -492
-964 -474 -376 -51 -116 971
-230 650 -318 153 -167 -683
-88 -53 -229 989 -763 336
-188 -291 -199 633 -159 -391
-284 -982 719 -518 -6 -662
-971 -7 -85 721 -25 593
602 434 -331 611 -146 -678
335 -983 -265 -803 643 -909
-607 -585 -659 203 -294 89
-180 569 415 56 711 -96
-314 787 -63 288 97 -512
-830 -82 -837 961 -156 -770
-656 489 298 443 82 310
-460 18 877 -505 -33 -972
464 690 -820 -902 640 188
454 -670 -127 434 -957 10
385 50 201 -176 -701 -860
-231 -697 -145 532 117 -775
22 -297 -971 -47 589 562
967 -879 884 -822 772 659
-281 -469 687 103 521 -166
-61 30 -770 559 311 68
303 366 -469 -696 -955 600
195 -961 -970 -374 128 148
-835 879 -260 -999 -680 490
767 657 662 523 529 -370
103 384 -866 -264 998 -964
-20 655 -659 958 -946 763
25 -488 -213 812 557 885
181 204 -608 -183 155 216
889 434 -462 -945 406 -789
-764 970 80 465 -253 -267
190 -365 508 -18 -644 -261
826 -950 -472 494 117 980
832 -741 379 637 -300 -175
218 624 -919 -458 -586 -865
513 918 409 405 648 -251
637 -349 999 -399 -578 15
202 311 -462 -984 -695 801
-303 658 928 571 936 -63
193 169 790 -391 763 563
846 -97 -280 321 841 -432
149 834 -20 -307 -64 -227
828 389 -754 130 986 778
956 -567 10 -507 -850 -750
492 -120 347 274 993 916
71 395 143 -69 -555 -612
921 -884 373 156 260 -792
171 -829 193 236 -671 -352
-332 284 159 234 -56 -634
-188 14 -168 -427 -1 233
-121 -525 599 -981 -803 510
639 -417 875 838 579 677
112 -346 -769 968 -34 306
-943 -74 907 -521 -597 627
975 -131 -199 431 -484 633
-358 571 782 -435 12 -241
-824 302 -509 -523 -851 -244
733 -798 189 -699 979 -417
-354 -212 130 413 360 562
-66 -851 -690 -890 579 -756
324 873 893 640 -562 274
-874 -827 -545 202 -636 -477
497 -134 -145 -827 -455 -477
[RUN #8 5 100]
-995 423 373 677 626
-990 40 -456 380 -392
-598 635 599 72 -504
-182 -530 29 860 264
182 -331 -175 -500 -327
-32 210 532 -783 935
800 118 577 683 -111
-345 362 722 849 -586
-494 -115 416 -823 -431
-433 -234 618 767 124
-508 -561 -940 307 -708
612 111 184 635 -359
540 -68 447 -460 -607
950 -311 256 -901 -584
-798 -177 569 -361 -191
-363 80 -555 87 -595
-760 -669 583 -482 -248
70 -301 917 852 632
913 77 -538 547 523
-872 702 366 -120 -782
623 100 -363 -987 -111
[RUN #9 5 100]
-140 655 631 -143 -571
-939 -522 -558 -100 -987
389 911 372 479 -28
374 629 -129 666 -465
-172 -674 -643 -244 446
72 -866 229 -704 212
-211 500 55 255 -47
-215 768 -679 817 -105
725 183 -147 857 -463
29 379 -305 -903 -653
729 666 265 208 -882
767 -19 -426 -116 91
-754 366 875 820 296
460 -615 347 450 -17
-473 -626 588 -618 809
606 -179 -678 397 -961
740 -981 342 -756 -333
903 243 -726 -17 79
975 -667 276 382 -758
-257 -650 -168 -100 389
-698 -761 -609 -612 491
-669 768 187 207 -129
-519 269 -864 911 894
856 234 -777 532 520
233 -180 391 590 -973
-847 -510 -431 308 -942
-715 -454 -415 46 -26
765 156 -35 314 203
655 318 436 395 -760
-505 49 28 -349 -721
204 -41 629 764 152
655 -38 -1000 846 -383
851 844 -608 -652 84
-128 491 183 -498 -57
-921 229 -158 498 60
-711 -182 -18 140 -786
-544 198 -464 -950 634
106 -457 -806 -297 894
168 792 -379 -322 -865
-107 954 143 598 107
774 -870 -780 -879 -689
591 -618 -793 -494 -777
-514 -104 625 0 752
309 -561 825 169 646
322 470 -733 -555 712
130 -293 617 -757 -695
-436 -913 -241 97 59
530 -707 209 -857 -701
564 -301 -311 508 -88
-474 -60 986 -893 -190
-40 -131 136 -268 -581
89 519 725 -601 590
-564 622 -52 655 -319
933 605 -543 234 804
[RUN #10 5 100]
123 352 650 -30 -178
-992 -827 952 690 655
9 -102 265 106 288
-480 554 220 -695 -250
-858 499 12 -270 -995
-824 482 710 -761 -623
755 359 281 -29 323
-78 521 215 -71 -683
-153 297 -116 117 775
270 761 -368 -373 448
146 617 -816 702 262
-973 -454 -432 963 -240
765 -971 598 544 447
336 -927 -630 943 -201
819 -800 212 607 -557
-59 181 177 -431 -923
-956 -2 -607 -364 252
-996 -79 -19 -378 595
-373 -938 265 -926 -265
-89 -856 239 666 124
-330 -961 81 487 -801
389 392 181 134 152
265 496 -117 654 -110
-911 -195 -595 769 -329
-979 -528 -20 -63 940
-500 -244 78 582 949
682 216 -446 -237 816
-610 -488 -406 499 324
-932 553 -258 367 582
911 -681 216 -624 -148
-111 -925 458 56 182
484 446 688 15 -476
-270 -417 322 740 849
-85 -999 322 966 693
142 778 -791 -643 -744
815 244 379 295 -423
157 101 176 257 759
-213 -604 130 768 844
-916 456 -460 -756 -158
301 -184 799 216 226
-885 -865 -240 328 -455
-140 -18 -591 -185 252
-494 410 897 -386 858
-9 832 74 390 -590
518 913 479 856 959
-334 -743 -842 457 466
833 -436 -227 -196 -823
444 778 357 -854 -769
776 -178 131 954 -36
317 -949 988 557 -202
-916 504 -997 -536 -611
-125 -103 858 862 -747
200 -249 587 -363 -394
163 -497 -618 803 -659
-900 781 -653 749 -924
-203 347 -76 210 -734
-915 -505 -2 719 -315
827 -17 328 821 229
178 -154 -535 -86 -736
258 -904 -541 191 907
816 782 959 804 -162
51 -349 717 -14 -151
-261 -369 539 -150 894
-48 -376 756 -936 701
-990 -197 280 266 -527
688 144 -609 93 682
-193 42 -999 -645 517
670 -911 416 -502 -577
-998 61 510 643 -398
-872 380 650 -387 -717
732 222 -8 -955 -51
269 -520 205 258 -896
74 -218 795 -276 598
-530 -745 658 -897 998
-46 117 815 -491 308
622 621 689 205 -977
-496 -955 -574 66 599
351 261 -888 -251 -962
136 703 421 -113 -304
-533 -593 203 -992 -650
-834 904 -832 -271 -829
-82 983 -999 784 267
447 594 -891 -94 -975
-832 -302 -530 -165 -200
368 -1 -470 490 -283
-582 -944 -38 -502 269
[RUN #11 5 100]
-297 -955 860 -781 -175
-356 370 -14 -713 -873
841 743 -809 667 898
-514 233 -544 -799 979
-175 324 969 -127 239
-620 -143 -586 -211 469
30 874 -819 155 670
592 749 436 -849 446
-270 759 130 -583 478
409 -190 -440 -13 -443
119 -467 -881 399 -660
692 334 497 -260 -551
561 713 174 668 -850
760 993 -492 934 721
404 -362 -557 865 -334
739 506 922 740 156
-331 -735 841 -285 -970
834 -768 579 552 -805
403 -816 567 -749 -945
-643 -77 -309 -619 -755
279 -492 -731 -418 -787
663 974 -994 -716 167
207 -681 405 8 0
767 -21 397 198 -502
-572 -954 -964 363 118
-597 57 189 267 991
-934 -866 -495 918 874
645 -496 551 635 -44
-445 431 -737 -454 737
857 -465 -733 -683 -442
-480 -438 -171 -845 -962
646 835 373 -756 52
[RUN #12 3 100]
-979 724 318
-193 543 922
618 -297 643
553 976 619
900 832 -739
659 -799 -918
-942 114 804
150 865 228
91 -847 -292
-838 408 -679
929 -113 -392
818 -935 912
735 -929 -785
-963 -393 205
353 897 -845
458 917 286
-10 769 184
880 -174 134
-1000 921 313
181 963 -937
-484 290 -51
-378 963 -707
68 481 -214
301 -608 -917
[RUN #13 3 100]
224 -665 562
891 -88 616
-548 -114 -811
-534 -522 -655
867 351 -224
-650 -1000 -935
-860 -250 354
98 -620 -827
155 887 878
333 370 -286
334 674 -366
670 353 749
-425 -603 -813
603 738 179
-137 -880 633
-77 330 -558
200 344 -577
501 71 -90
-944 -561 506
691 -88 25
474 -154 738
302 43 428
-492 -984 -433
748 985 -352
-349 440 397
-424 484 -453
-159 874 577
[RUN #14 4 100]
400 -129 -922 414
293 -89 611 526
-508 -721 302 653
-790 -457 -593 74
844 680 -883 813
-450 124 -306 915
-321 -867 -499 -722
-217 -372 886 746
-880 245 -964 636
684 628 -607 -945
898 -590 204 -507
-965 -228 780 736
726 640 -867 -731
393 657 838 -425
512 -163 293 -143
-710 -355 -790 659
761 254 849 -406
-135 -425 667 994
[RUN #15 5 100]
13 -713 -955 472 -474
-530 -416 585 380 -623
446 -736 515 582 -583
-400 -915 -530 161 -608
-684 765 -68 443 -134
-405 173 -289 -678 -179
-893 696 805 510 -739
828 -795 -359 6 -967
203 -772 -196 -313 -424
-586 422 315 -917 -481
196 759 621 -632 -766
-123 851 619 913 -647
-465 -371 -16 953 956
-28 -53 -777 175 479
917 -543 -335 -142 -387
43 -56 -179 203 720
[RUN #16 6 100]
-555 -920 310 -895 -478 225
740 -156 -771 -298 -848 -388
-550 -912 301 15 704 744
720 461 -703 679 -522 -487
-785 -887 -931 774 500 -236
-326 -621 -549 -263 -632 -397
-37 804 367 -771 -213 -116
-581 370 -307 595 -135 826
968 409 -971 -36 -525 -188
-899 -516 460 -254 -724 510
-275 934 -930 448 305 -849
396 758 321 571 -433 447
-772 -822 -191 -243 531 -988
-855 765 801 -139 -860 -78
939 632 -571 -472 118 669
[RUN #17 7 100]
984 -206 -598 -239 993 -592 -667
746 -179 -139 -765 -329 -52 -644
-305 -889 -542 -932 -205 227 241
-950 178 -235 460 -828 701 -304
-433 959 -77 -534 403 -464 -977
-526 309 -890 -227 364 197 879
103 550 348 -340 -423 369 313
760 756 2 645 244 936 113
11 -91 562 -130 70 858 326
319 314 142 722 154 -482 -453
[RUN #18 8 100]
-158 -701 836 -216 694 -578 220 -279
75 812 586 148 -798 610 -34 -710
-228 -397 696 296 -630 352 -256 -660
579 -797 401 109 800 -543 687 -965
-249 -655 310 -350 836 -989 677 -373
-544 -240 -350 -17 466 51 -163 -355
660 394 115 -192 67 -490 896 51
-947 996 571 650 293 -645 100 519
399 785 413 952 227 943 123 -737
-214 -476 -674 436 424 -263 -425 -793
[RUN #19 9 100]
174 752 998 699 190 147 647 -627 604
-301 -703 556 474 266 -380 -647 417 904
-227 -195 111 440 -281 -825 -697 -801 918
268 -176 -11 477 -700 -903 -133 452 593
434 -43 -511 747 962 -99 460 -806 -243
-593 -136 -381 -263 756 -997 -179 -329 404
595 598 -557 -565 -830 -211 -856 106 119
554 464 -63 516 -539 -23 -308 465 -935
-941 -622 -488 -92 -413 -671 -11 801 717
[RUN #20 10 100]
-793 -765 -33 678 515 -301 141 -745 -589 -724
104 197 -646 300 -228 344 -215 720 886 88
651 756 15 527 -496 -618 -186 445 628 -250
-804 -67 946 -295 223 -548 -159 265 65 -72
-825 -646 291 -954 -378 -999 -644 -154 155 157
-884 373 416 341 481 -717 -494 847 780 52
-616 -912 -357 219 715 571 -491 -899 -266 862
963 252 -314 -461 403 488 -954 326 -241 -930
-38 501 -253 -219 -704 -482 241 690 382 259
-787 283 68 -896 555 -863 218 481 -421 493
361 -622 -995 -433 237 586 -302 643 764 -996
-693 622 992 743 891 628 184 -40 -987 -50
-461 -554 -813 -564 423 -18 329 -261 759 -534
[RUN #21 3 100]
-73 -222 505
-392 -517 -8
-276 361 656
411 -625 557
943 -775 81
623 488 451
573 396 554
22 -931 729
576 -850 -230
-960 -98 -927
[RUN #22 10 100]
-300 -955 -674 108 545 587 -217 -347 332 -81
338 -958 101 -653 433 -780 516 132 -616 162
978 811 985 -924 -196 164 -183 350 554 -942
-871 586 -20 266 -388 492 211 212 -694 -85
-306 18 427 258 -177 -149 79 667 972 -690
-658 -381 -839 69 -918 -279 -311 36 804 -569
-974 -663 -711 856 343 -749 768 -89 -630 966
-937 239 -580 -938 821 -81 -146 905 -403 -778
-951 -432 -630 -241 -18 -813 297 683 81 -551
426 608 248 978 908 -883 168 -887 778 969
-661 -813 -496 -136 -756 238 81 767 -826 197
-531 -845 909 594 -906 254 -286 -513 -156 -741
622 850 -55 364 -65 481 -822 -208 -147 -676
388 937 412 -936 -524 -878 -114 -699 -804 140
[RUN #23 10 100]
-331 -244 -133 -699 530 -348 -977 -252 -581 -704
-485 509 -648 -373 -400 645 -201 813 616 914
-359 200 468 -597 547 -74 536 -26 571 -961
-800 -209 -266 -759 993 -750 -236 929 -603 -506
-835 -541 946 849 -293 -877 -111 140 290 122
-799 166 591 -183 807 68 92 -192 -613 -883
333 -932 427 -35 271 323 -325 -791 -327 260
-454 -946 757 473 348 -350 -959 -497 503 -842
-493 -741 -886 603 14 297 -242 -236 636 787
-964 -532 -950 255 -843 -127 -761 -536 -722 393
-117 940 371 -350 -536 444 994 -989 231 -75
-673 567 389 756 123 765 -95 -856 789 786
100 -487 -865 -664 -83 500 -315 870 -834 518
-596 720 904 -883 -753 -681 879 -644 -821 737
782 55 408 -388 567 -560 820 -396 -996 -584
57 -935 -580 626 534 471 628 145 295 -103
930 -880 -890 569 784 649 -153 940 -447 -132
671 135 913 85 -157 82 -581 -712 597 -495
-55 -47 766 -645 -821 -820 -804 -5 978 755
-646 -48 -99 -233 -252 -601 -304 -810 775 792
917 254 182 552 839 -218 -660 -661 218 143
-400 -75 -761 319 -527 636 879 727 -687 -379
-179 -134 490 -118 438 -513 -690 -978 732 474
573 -870 95 760 -284 -444 673 -228 726 -782
[RUN #24 9 100]
886 -641 -996 28 430 -96 -894 107 -55
628 74 242 -722 235 -556 -856 302 -777
895 302 438 -384 -622 -733 -100 -953 885
202 434 184 423 127 166 602 936 -952
-358 -711 -363 -778 4 36 -732 -957 -679
-769 855 -125 -628 -93 -970 -500 -250 634
507 476 -896 -732 -798 875 -775 32 -593
118 136 -866 186 41 -871 674 128 -108
736 110 375 581 159 299 202 -675 204
128 -47 922 -969 178 361 -507 -847 476
-578 -232 907 721 -418 -365 312 977 257
-151 -902 438 -302 719 912 -964 -942 -715
-520 454 -894 -211 -990 29 -506 989 436
-209 320 -745 489 -335 -670 254 -390 -963
-285 -780 -411 603 -291 -826 758 -391 -336
[RUN #25 8 100]
44 -542 212 361 -942 924 194 -377
371 71 999 -331 -754 125 193 321
663 139 412 203 -511 55 620 494
-751 -864 -281 489 -585 342 822 -922
-701 -517 247 123 -706 759 995 -417
408 592 959 -213 201 91 -142 635
514 -168 -518 -442 670 603 -849 141
369 -185 -324 -458 745 642 -302 -996
875 -869 -527 944 -125 670 50 -820
[RUN #26 7 100]
952 764 -566 -305 -498 -136 -571
300 -454 251 -983 -915 452 93
438 574 393 537 -17 482 325
-838 248 -209 -445 4 931 83
419 619 -98 -586 -651 779 -354
-473 -51 564 108 -256 220 542
-498 -682 953 134 -948 923 -687
-556 375 433 -634 -857 170 819
-345 505 -393 311 -15 -337 213
-942 -125 622 105 -788 902 320
-251 822 707 839 739 -217 -13
[RUN #27 6 100]
80 237 -237 70 -446 535
663 159 -247 397 628 -614
-492 -730 703 -802 341 386
136 -396 558 345 -499 652
-199 -590 -727 -923 -219 296
481 567 384 172 -253 -806
482 553 -900 -978 -860 -854
-217 212 -378 -933 -674 487
-236 -677 641 894 -270 -564
-564 -914 -311 -810 -638 228
504 774 623 921 -557 -806
-850 316 -962 251 827 196
646 -321 790 377 -583 958
[RUN #28 5 100]
745 212 -55 651 883
173 -131 -709 -255 562
736 764 593 488 341
479 -694 105 703 -6
56 -534 -286 938 -625
-682 200 111 -964 -296
368 -935 546 521 -510
-443 291 633 916 192
-159 363 282 833 -860
993 -85 710 404 -504
-308 -892 264 -458 11
455 -89 -451 -710 -715
-860 -797 350 76 533
[RUN #29 4 100]
-136 822 -829 -801
-881 -654 776 -611
421 -839 214 945
629 -491 -971 99
-272 -833 -320 -29
880 789 444 -710
-691 -592 441 -408
-387 -514 -208 870
869 701 664 -179
148 520 240 777
424 652 -452 -723
-895 -496 441 -101
[RUN #30 3 100]
266 -609 489
685 480 -443
353 -643 307
499 889 -883
-827 -173 966
-957 116 -910
729 5 466
-566 -986 708
-562 -777 936
[RUN #31 2 100]
286 -567
800 321
-956 934
124 -731
-702 963
-798 -20
226 -335
754 -888
-814 788
185 -332
377 -84
-545 129
-566 -487
[RUN #32 0 100]











[RUN #33 66 100]
-837 410 -85 -686 -905 603 239 -364 -795 -157 129 565 885 -890 -37 -586 751 -257 889 260 -433 65 -313 -900 20 -413 -643 -972 439 -466 671 -77 -274 -18 306 424 -907 299 -391 -103 -393 897 -145 226 -221 376 344 -93 489 538 -352 -491 380 365 -513 -786 -292 -188 870 560 140 -697 679 -991 843 -760
970 -751 -929 14 671 537 -812 965 -760 -738 -822 796 335 523 -913 904 934 994 -100 -147 674 -487 176 881 78 -719 -397 -73 231 -431 -39 -269 471 818 952 -88 -673 903 -701 137 -203 263 -272 203 555 -634 -936 -44 757 847 776 490 340 77 22 107 -817 -616 144 390 610 484 989 -111 -427 -429
-348 -802 -510 -824 503 -715 444 -878 -42 996 -602 605 780 174 692 -994 -528 -586 977 -166 -601 357 -384 -224 -17 -579 564 18 -534 -274 407 -723 -124 759 -311 975 643 232 -642 -544 535 913 632 160 661 -210 984 -113 709 500 906 197 -125 910 562 652 -99 397 890 -651 -245 -962 369 -372 -751 387
681 -775 889 -11 29 792 776 -327 -414 -9 988 457 258 643 210 668 -455 959 191 -124 -865 -788 -766 -214 781 648 -810 -404 794 -701 851 -254 -692 335 721 349 -471 423 723 -439 -826 124 -145 745 538 -822 -203 483 136 314 -158 591 -355 296 31 502 -718 304 -662 -283 947 -600 -363 843 408 -93
-538 547 -953 916 -810 -936 -297 -885 -871 707 -286 -441 622 -175 558 594 -765 -864 -476 91 276 -636 -56 -165 -65 -978 962 277 565 -467 -176 -881 974 -70 -36 -626 -966 331 -5 60 968 -858 -158 724 -49 495 132 -805 870 542 -979 914 -498 892 577 -160 456 -747 -771 -462 619 312 -535 729 -975 -449
-788 -716 476 -180 734 821 891 543 -927 372 430 -768 -178 392 -956 -733 -481 -331 667 346 -573 -145 986 436 172 870 582 -947 -476 273 747 -892 -544 -837 -735 745 -207 963 828 -164 -654 195 -156 507 -667 269 31 600 -932 985 341 -697 -297 -238 413 -299 366 -44 380 486 -906 -938 177 -441 518 -977
-939 -412 -72 -637 -492 155 382 -947 207 -758 -166 -320 -508 -785 -957 -955 -948 361 499 -313 -861 -213 -43 -159 -574 -249 350 737 -651 260 570 -85 45 820 -263 -184 927 867 -394 740 -486 -266 896 -441 789 -871 -387 -687 -396 190 615 -272 677 282 330 335 636 519 142 -212 -171 556 546 288 -695 283
44 -442 -252 412 -187 -465 -111 -631 -524 -952 166 -558 511 -79 529 541 947 -907 -529 -543 542 -668 -790 115 131 -259 860 571 989 961 344 -14 497 921 493 930 -770 372 -65 -736 149 334 -37 -438 -611 437 -21 683 -95 261 -747 -746 -4 839 481 -899 -243 -748 143 453 167 277 23 -19 -359 30
[RUN #34 5 100]
876 -859 -758 457 -159
-568 -645 231 -312 -57
-207 -829 744 -644 -954
127 681 -252 -279 -23
448 -960 4 285 199
522 -945 437 802 -973
18 238 851 94 983
-535 395 355 -47 -326
3 -586 6 926 -700
457 236 706 827 -625
-801 -382 -569 319 -929
571 -507 -115 -97 -778
[RUN #35 5 100]
361 965 233 -489 395
127 -892 918 -80 -818
-195 -238 324 447 630
646 507 623 -820 -472
5 -722 -381 -72 260
-163 -986 -589 -239 873
-165 -845 230 654 -9
463 329 -995 -774 -172
-693 297 108 -363 -631
-611 -797 256 -345 -613
844 901 714 371 39
-126 -441 -376 -883 402
-228 -898 -717 839 -24
-985 333 -432 919 -9
-372 -552 279 50 644
[RUN #36 3 100]
-478 396 -604
-405 450 57
418 -65 -277
-852 484 928
-258 -824 617
-177 365 574
499 -551 -750
-975 -208 -815
467 -678 -74
-652 683 -50
65 -952 -901
-5 587 349
233 -688 -418
-941 957 -432
416 -542 -913
471 -742 -744
-309 538 446
-980 19 135
-104 365 -846
548 502 263
-446 393 -707
-384 -271 993
-443 831 952
-227 952 939
207 -576 176
-837 235 780
-948 374 -348
-641 782 492
8 -80 722
-438 -149 -635
549 -265 325
914 -666 -626
490 -928 672
[RUN #37 4 100]
565 -900 164 -63
735 -487 -956 671
254 397 -843 -984
-297 -708 336 310
-461 607 745 -402
-133 -650 -998 -719
-751 321 -441 145
552 850 851 461
-300 -552 -429 -878
-637 871 996 488
595 -828 -415 -329
173 -753 -101 -532
-372 601 831 860
274 292 -202 66
-463 123 -693 -758
517 212 896 -449
23 256 210 -378
524 -815 -668 186
[RUN #38 3 100]
960 -1 687
331 -56 -187
540 -694 -635
716 679 -702
275 885 899
452 -292 785
-149 202 -732
832 606 385
707 -478 929
493 -657 785
214 -645 152
941 205 645
725 418 490
927 533 -712
928 584 384
290 193 265
156 -715 -491
499 -660 766
-549 -995 -855
769 410 -968
713 -358 28
305 767 177
561 -872 -748
-941 -384 -900
-820 379 960
-961 -301 -43
-776 271 -252
157 -232 -823
687 -876 -501
-651 728 -345
920 498 148
[RUN #39 3 100]
766 -242 -681
194 707 -184
587 -289 -228
-305 67 491
-599 336 923
-897 153 990
953 386 260
-47 -447 137
-880 337 -826
145 -472 -966
-820 -343 -481
51 -454 409
-313 -683 -409
915 854 -830
962 71 -821
5 736 -868
958 33 122
565 -147 886
806 251 -165
[RUN #40 4 100]
710 -129 -797 424
924 -859 -741 -461
-779 -379 885 439
795 -997 -557 626
670 11 -875 509
-913 -382 -614 -630
-959 977 -314 -692
-235 -881 272 -218
114 636 373 -510
320 171 890 120
-199 603 278 -690
-577 -141 681 -217
-863 342 -814 -510
-358 -897 -855 -437
[RUN #41 4 100]
769 558 481 611
557 -348 -630 866
513 664 120 -530
65 -716 -814 478
229 247 918 -694
751 288 615 -759
244 -646 509 478
656 -493 990 -117
664 500 -486 -69
-730 -37 376 -365
-82 494 546 829
-674 688 177 -819
414 155 -330 897
-605 -12 136 -939
[RUN #42 5 100]
513 -898 713 705 446
-460 -86 95 623 417
-115 0 -153 -646 264
527 612 -845 204 -871
-563 134 -678 -613 490
581 -654 905 404 -63
-970 -885 -108 -924 986
-14 -671 -835 486 -688
-694 -159 -660 -662 157
-26 357 -871 392 -970
-622 883 714 -348 -544
-730 -531 403 -704 -202
-976 -646 -639 -695 -343
199 615 857 -94 -518
-713 585 -333 181 494
-522 221 941 734 793
-349 195 -4 -762 328
-331 -989 -37 -815 643
895 449 661 -14 -20
-690 -762 -322 -454 -259
691 270 260 -295 655
[RUN #43 6 100]
-678 237 -286 -566 743 -743
119 -884 650 580 -45 -845
19 659 68 -707 892 -842
-840 -34 728 -902 -30 702
-233 869 16 -534 243 673
264 -968 -602 495 748 -640
-577 -227 246 793 502 -21
205 854 216 -846 962 -310
-584 433 983 878 -389 -629
-21 -543 285 -51 -221 -598
641 382 539 646 -419 973
-710 -897 -168 -473 -179 -166
-592 -678 -893 327 -218 -451
2 886 766 77 -705 -827
-807 -708 623 733 -774 487
634 -386 497 -371 -899 -66
[RUN #44 7 100]
570 864 859 80 915 -253 -650
852 85 742 -259 898 -140 -286
-682 -912 -265 -19 860 138 980
-119 119 238 -281 -248 -580 -872
484 -32 261 542 349 262 -603
149 609 -293 -120 -251 -859 386
195 314 528 -221 -485 491 385
-973 -359 552 873 -942 -143 -592
-362 969 954 -724 -739 475 867
-180 -272 437 364 622 -602 -83
[RUN #45 8 100]
-103 -564 326 466 215 870 333 -896
-816 -237 368 58 -941 -532 548 -692
-188 578 672 -815 -733 606 645 580
958 -705 -202 -674 644 286 27 662
-518 -959 -63 163 772 373 457 -637
-976 -702 795 184 344 -523 563 -898
-130 618 202 858 -500 875 -762 -651
619 58 -385 -16 -209 845 170 -920
-129 881 -204 -890 546 -622 276 381
254 -220 956 -829 -707 -603 900 761
-145 -920 197 149 -333 -274 847 286
-568 257 348 -747 -922 -839 911 -810
[RUN #46 9 100]
-440 -541 -803 121 842 886 526 407 -921
153 486 956 -12 242 -454 -3 -40 -955
207 148 -340 -309 978 -685 404 -291 -170
-776 937 -654 687 514 -420 -31 -387 -663
231 502 -101 513 -926 -100 324 635 -855
-451 983 130 -589 42 -927 90 706 -171
618 301 -720 637 974 178 286 -428 528
-157 -940 563 285 -310 778 300 544 644
696 -525 242 -746 -757 473 -167 -230 348
-373 140 -154 261 599 -354 -695 60 783
24 53 -983 803 228 357 -949 507 718
-828 227 -516 482 417 365 -599 657 -782
231 476 -297 -528 662 -401 699 -463 538
-973 -462 28 -255 -98 -523 -430 531 658
[RUN #47 10 100]
505 695 -596 -550 673 -239 899 451 -599 548
643 -485 -106 334 -819 209 958 -395 -303 33
-247 -292 733 -554 554 -101 701 -616 -41 -711
-891 -420 725 694 148 -368 575 -225 -889 269
-559 -311 -168 362 989 811 -880 425 -733 406
-720 -62 -612 -103 -59 -677 -272 167 -288 -879
31 211 -776 -316 -181 -247 -432 805 49 -258
-137 -15 -548 -476 347 428 741 737 597 -265
